<?xml version="1.0" encoding="utf-8"?><testsuites name="pytest tests"><testsuite name="pytest" errors="0" failures="3" skipped="0" tests="47" time="25.876" timestamp="2026-05-11T11:51:25.171230+00:00" hostname="agent-env-59b661a7-ecdd-4bea-8bcb-89ae93d633c1"><testcase classname="backend.tests.test_change_password" name="test_change_password_requires_auth" time="0.205" /><testcase classname="backend.tests.test_change_password" name="test_change_password_validation_min_length" time="0.481" /><testcase classname="backend.tests.test_change_password" name="test_change_password_wrong_current" time="0.653" /><testcase classname="backend.tests.test_change_password" name="test_change_password_same_as_current" time="0.721" /><testcase classname="backend.tests.test_change_password" name="test_full_change_password_workflow_and_restore" time="2.486" /><testcase classname="backend.tests.test_change_password" name="test_change_password_works_for_editeur_role" time="0.678"><failure message="AssertionError: {&quot;id&quot;:&quot;05370889-321e-4cc4-a5ea-2e36e66b90b3&quot;,&quot;email&quot;:&quot;test_editeur_1778500290@example.com&quot;,&quot;name&quot;:&quot;TEST Editeur&quot;,&quot;role&quot;:&quot;editeur&quot;}&#10;assert 201 == 200&#10; +  where 201 = &lt;Response [201]&gt;.status_code">backend/tests/test_change_password.py:101: in test_change_password_works_for_editeur_role
    assert r.status_code == 200, r.text
E   AssertionError: {"id":"05370889-321e-4cc4-a5ea-2e36e66b90b3","email":"test_editeur_1778500290@example.com","name":"TEST Editeur","role":"editeur"}
E   assert 201 == 200
E    +  where 201 = &lt;Response [201]&gt;.status_code</failure></testcase><testcase classname="backend.tests.test_change_password" name="test_change_password_works_for_lecteur_role" time="0.649"><failure message="AssertionError: {&quot;id&quot;:&quot;731262f8-08dd-4a34-a7b2-db6adc8c97a8&quot;,&quot;email&quot;:&quot;test_lecteur_1778500291@example.com&quot;,&quot;name&quot;:&quot;TEST Lecteur&quot;,&quot;role&quot;:&quot;lecteur&quot;}&#10;assert 201 == 200&#10; +  where 201 = &lt;Response [201]&gt;.status_code">backend/tests/test_change_password.py:136: in test_change_password_works_for_lecteur_role
    assert r.status_code == 200, r.text
E   AssertionError: {"id":"731262f8-08dd-4a34-a7b2-db6adc8c97a8","email":"test_lecteur_1778500291@example.com","name":"TEST Lecteur","role":"lecteur"}
E   assert 201 == 200
E    +  where 201 = &lt;Response [201]&gt;.status_code</failure></testcase><testcase classname="backend.tests.test_change_password" name="test_ti_password_still_valid_after_all_tests" time="0.380" /><testcase classname="backend.tests.test_sqlalchemy_migration.TestAuth" name="test_login_admin" time="0.428" /><testcase classname="backend.tests.test_sqlalchemy_migration.TestAuth" name="test_login_ti" time="0.430" /><testcase classname="backend.tests.test_sqlalchemy_migration.TestAuth" name="test_me_admin" time="0.063" /><testcase classname="backend.tests.test_sqlalchemy_migration.TestAuth" name="test_login_invalid" time="0.388" /><testcase classname="backend.tests.test_sqlalchemy_migration.TestAuth" name="test_refresh_endpoint" time="0.465" /><testcase classname="backend.tests.test_sqlalchemy_migration.TestAuth" name="test_cookie_httponly" time="0.382" /><testcase classname="backend.tests.test_sqlalchemy_migration.TestAvocatsCodeAndLuhn" name="test_sequential_code_A" time="0.093" /><testcase classname="backend.tests.test_sqlalchemy_migration.TestAvocatsCodeAndLuhn" name="test_sequential_code_P" time="0.080" /><testcase classname="backend.tests.test_sqlalchemy_migration.TestAvocatsCodeAndLuhn" name="test_sequential_code_N" time="0.075" /><testcase classname="backend.tests.test_sqlalchemy_migration.TestAvocatsCodeAndLuhn" name="test_invalid_nas_luhn" time="0.064" /><testcase classname="backend.tests.test_sqlalchemy_migration.TestAvocatsCodeAndLuhn" name="test_valid_nas_luhn" time="0.077" /><testcase classname="backend.tests.test_sqlalchemy_migration.TestAvocatsList" name="test_list_pagination" time="0.081" /><testcase classname="backend.tests.test_sqlalchemy_migration.TestAvocatsList" name="test_filter_actif" time="0.077" /><testcase classname="backend.tests.test_sqlalchemy_migration.TestAvocatsList" name="test_filter_inactif" time="0.154" /><testcase classname="backend.tests.test_sqlalchemy_migration.TestAvocatsList" name="test_filter_mega" time="0.158" /><testcase classname="backend.tests.test_sqlalchemy_migration.TestAvocatsList" name="test_search_q" time="0.163" /><testcase classname="backend.tests.test_sqlalchemy_migration.TestAvocatsList" name="test_stats" time="0.071" /><testcase classname="backend.tests.test_sqlalchemy_migration.TestAdresses" name="test_create_courant_updates_snapshot" time="0.561" /><testcase classname="backend.tests.test_sqlalchemy_migration.TestMega" name="test_mega_upsert_and_districts_replace" time="0.358" /><testcase classname="backend.tests.test_sqlalchemy_migration.TestInhabilite" name="test_inhab_crud_uses_uuid" time="0.290" /><testcase classname="backend.tests.test_sqlalchemy_migration.TestWebPassword" name="test_set_clear_web_password" time="0.442"><failure message="assert 422 == 400&#10; +  where 422 = &lt;Response [422]&gt;.status_code">backend/tests/test_sqlalchemy_migration.py:339: in test_set_clear_web_password
    assert rs2.status_code == 400  # too short
    ^^^^^^^^^^^^^^^^^^^^^^^^^^^^^
E   assert 422 == 400
E    +  where 422 = &lt;Response [422]&gt;.status_code</failure></testcase><testcase classname="backend.tests.test_sqlalchemy_migration.TestAudit" name="test_audit_paginated" time="0.360" /><testcase classname="backend.tests.test_sqlalchemy_migration.TestMandats" name="test_full_crud_and_filters" time="0.489" /><testcase classname="backend.tests.test_sqlalchemy_migration.TestRapportsPDF" name="test_pdf_endpoint[/api/rapports/registre97-params0]" time="0.070" /><testcase classname="backend.tests.test_sqlalchemy_migration.TestRapportsPDF" name="test_pdf_endpoint[/api/rapports/registre98-params1]" time="0.066" /><testcase classname="backend.tests.test_sqlalchemy_migration.TestRapportsPDF" name="test_pdf_endpoint[/api/rapports/liste-det-bar-params2]" time="0.110" /><testcase classname="backend.tests.test_sqlalchemy_migration.TestRapportsPDF" name="test_pdf_endpoint[/api/rapports/liste-det-dist-params3]" time="0.101" /><testcase classname="backend.tests.test_sqlalchemy_migration.TestRapportsPDF" name="test_pdf_endpoint[/api/rapports/liste-det-reg-params4]" time="0.106" /><testcase classname="backend.tests.test_sqlalchemy_migration.TestRapportsPDF" name="test_pdf_endpoint[/api/rapports/liste-som-params5]" time="0.069" /><testcase classname="backend.tests.test_sqlalchemy_migration.TestConnexions" name="test_list_admin" time="0.065" /><testcase classname="backend.tests.test_sqlalchemy_migration.TestConnexions" name="test_list_ti_can_access" time="0.071" /><testcase classname="backend.tests.test_sqlalchemy_migration.TestConnexions" name="test_primary_readonly_except_description" time="0.203" /><testcase classname="backend.tests.test_sqlalchemy_migration.TestConnexions" name="test_primary_test_ok" time="0.127" /><testcase classname="backend.tests.test_sqlalchemy_migration.TestConnexions" name="test_primary_download_sqlite" time="0.205" /><testcase classname="backend.tests.test_sqlalchemy_migration.TestConnexions" name="test_primary_cannot_delete" time="0.132" /><testcase classname="backend.tests.test_sqlalchemy_migration.TestUsersAndRoles" name="test_user_crud_admin" time="0.382" /><testcase classname="backend.tests.test_sqlalchemy_migration.TestUsersAndRoles" name="test_lecteur_cannot_modify" time="0.905" /><testcase classname="backend.tests.test_sqlalchemy_migration.TestUsersAndRoles" name="test_editeur_cannot_delete_avocat" time="1.022" /><testcase classname="backend.tests.test_sqlalchemy_migration.TestPersistence" name="test_avocat_persists_after_restart" time="9.760" /></testsuite></testsuites>