<?xml version="1.0" encoding="utf-8"?><testsuites name="pytest tests"><testsuite name="pytest" errors="0" failures="0" skipped="0" tests="21" time="4.399" timestamp="2026-05-08T12:46:38.851285+00:00" hostname="agent-env-59b661a7-ecdd-4bea-8bcb-89ae93d633c1"><testcase classname="tests.test_audit_pagination.TestAuditPaginationShape" name="test_default_shape" time="0.883" /><testcase classname="tests.test_audit_pagination.TestAuditPaginationShape" name="test_custom_page_size_capped" time="0.051" /><testcase classname="tests.test_audit_pagination.TestAuditPaginationShape" name="test_page2_distinct_or_empty" time="0.130" /><testcase classname="tests.test_audit_pagination.TestAuditPaginationValidation" name="test_invalid_page_size[0]" time="0.048" /><testcase classname="tests.test_audit_pagination.TestAuditPaginationValidation" name="test_invalid_page_size[201]" time="0.069" /><testcase classname="tests.test_audit_pagination.TestAuditPaginationValidation" name="test_invalid_page_size[-1]" time="0.048" /><testcase classname="tests.test_audit_pagination.TestAuditPaginationValidation" name="test_invalid_page_size[1000]" time="0.047" /><testcase classname="tests.test_audit_pagination.TestAuditPaginationValidation" name="test_invalid_page[0]" time="0.062" /><testcase classname="tests.test_audit_pagination.TestAuditPaginationValidation" name="test_invalid_page[-1]" time="0.048" /><testcase classname="tests.test_audit_pagination.TestAuditSortDesc" name="test_timestamp_descending" time="0.048" /><testcase classname="tests.test_audit_pagination.TestTimestampIsoInResponse" name="test_response_timestamp_is_iso_string" time="0.115" /><testcase classname="tests.test_audit_log.TestAuditAuthZ" name="test_audit_requires_auth" time="0.527" /><testcase classname="tests.test_audit_log.TestAuditAuthZ" name="test_audit_forbidden_for_editor" time="0.682" /><testcase classname="tests.test_audit_log.TestAuditAuthZ" name="test_audit_ok_for_admin" time="0.052" /><testcase classname="tests.test_audit_log.TestAuditActionCoverage" name="test_drive_all_mutations_and_verify" time="1.080" /><testcase classname="tests.test_audit_log.TestPdfReportsRegression" name="test_pdf_endpoints_admin_returns_pdf[rapports/registre97-params0]" time="0.097" /><testcase classname="tests.test_audit_log.TestPdfReportsRegression" name="test_pdf_endpoints_admin_returns_pdf[rapports/registre98-params1]" time="0.052" /><testcase classname="tests.test_audit_log.TestPdfReportsRegression" name="test_pdf_endpoints_admin_returns_pdf[rapports/liste-det-bar-params2]" time="0.064" /><testcase classname="tests.test_audit_log.TestPdfReportsRegression" name="test_pdf_endpoints_admin_returns_pdf[rapports/liste-det-dist-params3]" time="0.057" /><testcase classname="tests.test_audit_log.TestPdfReportsRegression" name="test_pdf_endpoints_admin_returns_pdf[rapports/liste-det-reg-params4]" time="0.062" /><testcase classname="tests.test_audit_log.TestPdfReportsRegression" name="test_pdf_endpoints_admin_returns_pdf[rapports/liste-som-params5]" time="0.109" /></testsuite></testsuites>