<?xml version="1.0" encoding="utf-8"?><testsuites name="pytest tests"><testsuite name="pytest" errors="0" failures="0" skipped="0" tests="10" time="2.586" timestamp="2026-05-08T12:31:52.879670+00:00" hostname="agent-env-59b661a7-ecdd-4bea-8bcb-89ae93d633c1"><testcase classname="backend.tests.test_audit_log.TestAuditAuthZ" name="test_audit_requires_auth" time="0.622" /><testcase classname="backend.tests.test_audit_log.TestAuditAuthZ" name="test_audit_forbidden_for_editor" time="0.696" /><testcase classname="backend.tests.test_audit_log.TestAuditAuthZ" name="test_audit_ok_for_admin" time="0.048" /><testcase classname="backend.tests.test_audit_log.TestAuditActionCoverage" name="test_drive_all_mutations_and_verify" time="0.783" /><testcase classname="backend.tests.test_audit_log.TestPdfReportsRegression" name="test_pdf_endpoints_admin_returns_pdf[rapports/registre97-params0]" time="0.060" /><testcase classname="backend.tests.test_audit_log.TestPdfReportsRegression" name="test_pdf_endpoints_admin_returns_pdf[rapports/registre98-params1]" time="0.052" /><testcase classname="backend.tests.test_audit_log.TestPdfReportsRegression" name="test_pdf_endpoints_admin_returns_pdf[rapports/liste-det-bar-params2]" time="0.058" /><testcase classname="backend.tests.test_audit_log.TestPdfReportsRegression" name="test_pdf_endpoints_admin_returns_pdf[rapports/liste-det-dist-params3]" time="0.055" /><testcase classname="backend.tests.test_audit_log.TestPdfReportsRegression" name="test_pdf_endpoints_admin_returns_pdf[rapports/liste-det-reg-params4]" time="0.054" /><testcase classname="backend.tests.test_audit_log.TestPdfReportsRegression" name="test_pdf_endpoints_admin_returns_pdf[rapports/liste-som-params5]" time="0.094" /></testsuite></testsuites>