<?xml version="1.0" encoding="utf-8"?><testsuites name="pytest tests"><testsuite name="pytest" errors="0" failures="0" skipped="0" tests="27" time="27.287" timestamp="2026-05-11T12:01:24.304472+00:00" hostname="agent-env-59b661a7-ecdd-4bea-8bcb-89ae93d633c1"><testcase classname="tests.test_streaming_rapports" name="test_pdf_unauthenticated_returns_401[registre97-/api/rapports/registre97?date_debut=2024-01-01&amp;date_fin=2026-12-31]" time="0.262" /><testcase classname="tests.test_streaming_rapports" name="test_pdf_unauthenticated_returns_401[registre98-/api/rapports/registre98?date_debut=2024-01-01&amp;date_fin=2026-12-31]" time="0.127" /><testcase classname="tests.test_streaming_rapports" name="test_pdf_unauthenticated_returns_401[liste-det-bar-/api/rapports/liste-det-bar]" time="0.194" /><testcase classname="tests.test_streaming_rapports" name="test_pdf_unauthenticated_returns_401[liste-det-dist-/api/rapports/liste-det-dist]" time="0.133" /><testcase classname="tests.test_streaming_rapports" name="test_pdf_unauthenticated_returns_401[liste-det-reg-/api/rapports/liste-det-reg]" time="0.129" /><testcase classname="tests.test_streaming_rapports" name="test_pdf_unauthenticated_returns_401[liste-som-/api/rapports/liste-som]" time="0.134" /><testcase classname="tests.test_streaming_rapports" name="test_pdf_status_signature_and_streaming_headers[registre97-/api/rapports/registre97?date_debut=2024-01-01&amp;date_fin=2026-12-31]" time="0.409" /><testcase classname="tests.test_streaming_rapports" name="test_pdf_status_signature_and_streaming_headers[registre98-/api/rapports/registre98?date_debut=2024-01-01&amp;date_fin=2026-12-31]" time="0.053" /><testcase classname="tests.test_streaming_rapports" name="test_pdf_status_signature_and_streaming_headers[liste-det-bar-/api/rapports/liste-det-bar]" time="0.064" /><testcase classname="tests.test_streaming_rapports" name="test_pdf_status_signature_and_streaming_headers[liste-det-dist-/api/rapports/liste-det-dist]" time="0.063" /><testcase classname="tests.test_streaming_rapports" name="test_pdf_status_signature_and_streaming_headers[liste-det-reg-/api/rapports/liste-det-reg]" time="0.068" /><testcase classname="tests.test_streaming_rapports" name="test_pdf_status_signature_and_streaming_headers[liste-som-/api/rapports/liste-som]" time="0.053" /><testcase classname="tests.test_streaming_rapports" name="test_pdf_charge_legere_under_5s[registre97-/api/rapports/registre97?date_debut=2024-01-01&amp;date_fin=2026-12-31]" time="11.697" /><testcase classname="tests.test_streaming_rapports" name="test_pdf_charge_legere_under_5s[registre98-/api/rapports/registre98?date_debut=2024-01-01&amp;date_fin=2026-12-31]" time="0.075" /><testcase classname="tests.test_streaming_rapports" name="test_pdf_charge_legere_under_5s[liste-det-bar-/api/rapports/liste-det-bar]" time="0.225" /><testcase classname="tests.test_streaming_rapports" name="test_pdf_charge_legere_under_5s[liste-det-dist-/api/rapports/liste-det-dist]" time="0.204" /><testcase classname="tests.test_streaming_rapports" name="test_pdf_charge_legere_under_5s[liste-det-reg-/api/rapports/liste-det-reg]" time="0.224" /><testcase classname="tests.test_streaming_rapports" name="test_pdf_charge_legere_under_5s[liste-som-/api/rapports/liste-som]" time="0.067" /><testcase classname="tests.test_streaming_rapports" name="test_login_still_works" time="0.381" /><testcase classname="tests.test_streaming_rapports" name="test_auth_me_works" time="0.047" /><testcase classname="tests.test_streaming_rapports" name="test_avocats_list" time="0.072" /><testcase classname="tests.test_streaming_rapports" name="test_avocats_stats" time="0.059" /><testcase classname="tests.test_streaming_rapports" name="test_avocats_crud_roundtrip" time="0.271" /><testcase classname="tests.test_streaming_rapports" name="test_users_list" time="0.047" /><testcase classname="tests.test_streaming_rapports" name="test_connexions_list" time="0.049" /><testcase classname="tests.test_streaming_rapports" name="test_change_password_rejects_wrong_current" time="0.282" /><testcase classname="tests.test_streaming_rapports" name="test_change_password_rejects_same" time="11.780" /></testsuite></testsuites>