<?xml version="1.0" encoding="utf-8"?><testsuites name="pytest tests"><testsuite name="pytest" errors="0" failures="0" skipped="0" tests="39" time="18.294" timestamp="2026-05-08T19:35:32.350510+00:00" hostname="agent-env-59b661a7-ecdd-4bea-8bcb-89ae93d633c1"><testcase classname="tests.test_sqlalchemy_migration.TestAuth" name="test_login_admin" time="0.448" /><testcase classname="tests.test_sqlalchemy_migration.TestAuth" name="test_login_ti" time="0.407" /><testcase classname="tests.test_sqlalchemy_migration.TestAuth" name="test_me_admin" time="0.051" /><testcase classname="tests.test_sqlalchemy_migration.TestAuth" name="test_login_invalid" time="0.362" /><testcase classname="tests.test_sqlalchemy_migration.TestAuth" name="test_refresh_endpoint" time="0.403" /><testcase classname="tests.test_sqlalchemy_migration.TestAuth" name="test_cookie_httponly" time="0.351" /><testcase classname="tests.test_sqlalchemy_migration.TestAvocatsCodeAndLuhn" name="test_sequential_code_A" time="0.069" /><testcase classname="tests.test_sqlalchemy_migration.TestAvocatsCodeAndLuhn" name="test_sequential_code_P" time="0.060" /><testcase classname="tests.test_sqlalchemy_migration.TestAvocatsCodeAndLuhn" name="test_sequential_code_N" time="0.063" /><testcase classname="tests.test_sqlalchemy_migration.TestAvocatsCodeAndLuhn" name="test_invalid_nas_luhn" time="0.051" /><testcase classname="tests.test_sqlalchemy_migration.TestAvocatsCodeAndLuhn" name="test_valid_nas_luhn" time="0.057" /><testcase classname="tests.test_sqlalchemy_migration.TestAvocatsList" name="test_list_pagination" time="0.059" /><testcase classname="tests.test_sqlalchemy_migration.TestAvocatsList" name="test_filter_actif" time="0.054" /><testcase classname="tests.test_sqlalchemy_migration.TestAvocatsList" name="test_filter_inactif" time="0.116" /><testcase classname="tests.test_sqlalchemy_migration.TestAvocatsList" name="test_filter_mega" time="0.112" /><testcase classname="tests.test_sqlalchemy_migration.TestAvocatsList" name="test_search_q" time="0.122" /><testcase classname="tests.test_sqlalchemy_migration.TestAvocatsList" name="test_stats" time="0.054" /><testcase classname="tests.test_sqlalchemy_migration.TestAdresses" name="test_create_courant_updates_snapshot" time="0.485" /><testcase classname="tests.test_sqlalchemy_migration.TestMega" name="test_mega_upsert_and_districts_replace" time="0.296" /><testcase classname="tests.test_sqlalchemy_migration.TestInhabilite" name="test_inhab_crud_uses_uuid" time="0.238" /><testcase classname="tests.test_sqlalchemy_migration.TestWebPassword" name="test_set_clear_web_password" time="0.668" /><testcase classname="tests.test_sqlalchemy_migration.TestAudit" name="test_audit_paginated" time="0.341" /><testcase classname="tests.test_sqlalchemy_migration.TestMandats" name="test_full_crud_and_filters" time="0.399" /><testcase classname="tests.test_sqlalchemy_migration.TestRapportsPDF" name="test_pdf_endpoint[/api/rapports/registre97-params0]" time="0.055" /><testcase classname="tests.test_sqlalchemy_migration.TestRapportsPDF" name="test_pdf_endpoint[/api/rapports/registre98-params1]" time="0.051" /><testcase classname="tests.test_sqlalchemy_migration.TestRapportsPDF" name="test_pdf_endpoint[/api/rapports/liste-det-bar-params2]" time="0.074" /><testcase classname="tests.test_sqlalchemy_migration.TestRapportsPDF" name="test_pdf_endpoint[/api/rapports/liste-det-dist-params3]" time="0.069" /><testcase classname="tests.test_sqlalchemy_migration.TestRapportsPDF" name="test_pdf_endpoint[/api/rapports/liste-det-reg-params4]" time="0.073" /><testcase classname="tests.test_sqlalchemy_migration.TestRapportsPDF" name="test_pdf_endpoint[/api/rapports/liste-som-params5]" time="0.059" /><testcase classname="tests.test_sqlalchemy_migration.TestConnexions" name="test_list_admin" time="0.051" /><testcase classname="tests.test_sqlalchemy_migration.TestConnexions" name="test_list_ti_can_access" time="0.058" /><testcase classname="tests.test_sqlalchemy_migration.TestConnexions" name="test_primary_readonly_except_description" time="0.162" /><testcase classname="tests.test_sqlalchemy_migration.TestConnexions" name="test_primary_test_ok" time="0.106" /><testcase classname="tests.test_sqlalchemy_migration.TestConnexions" name="test_primary_download_sqlite" time="0.130" /><testcase classname="tests.test_sqlalchemy_migration.TestConnexions" name="test_primary_cannot_delete" time="0.101" /><testcase classname="tests.test_sqlalchemy_migration.TestUsersAndRoles" name="test_user_crud_admin" time="0.376" /><testcase classname="tests.test_sqlalchemy_migration.TestUsersAndRoles" name="test_lecteur_cannot_modify" time="0.829" /><testcase classname="tests.test_sqlalchemy_migration.TestUsersAndRoles" name="test_editeur_cannot_delete_avocat" time="0.831" /><testcase classname="tests.test_sqlalchemy_migration.TestPersistence" name="test_avocat_persists_after_restart" time="9.772" /></testsuite></testsuites>