<?xml version="1.0" encoding="utf-8"?><testsuites name="pytest tests"><testsuite name="pytest" errors="0" failures="0" skipped="0" tests="13" time="1.926" timestamp="2026-05-08T12:17:51.426188+00:00" hostname="agent-env-59b661a7-ecdd-4bea-8bcb-89ae93d633c1"><testcase classname="backend.tests.test_pdf_reports" name="test_pdf_unauthenticated_returns_401[registre97-/api/rapports/registre97?date_debut=2024-01-01&amp;date_fin=2026-12-31]" time="0.238" /><testcase classname="backend.tests.test_pdf_reports" name="test_pdf_unauthenticated_returns_401[registre98-/api/rapports/registre98?date_debut=2024-01-01&amp;date_fin=2026-12-31]" time="0.104" /><testcase classname="backend.tests.test_pdf_reports" name="test_pdf_unauthenticated_returns_401[liste-det-bar-/api/rapports/liste-det-bar]" time="0.103" /><testcase classname="backend.tests.test_pdf_reports" name="test_pdf_unauthenticated_returns_401[liste-det-dist-/api/rapports/liste-det-dist]" time="0.175" /><testcase classname="backend.tests.test_pdf_reports" name="test_pdf_unauthenticated_returns_401[liste-det-reg-/api/rapports/liste-det-reg]" time="0.118" /><testcase classname="backend.tests.test_pdf_reports" name="test_pdf_unauthenticated_returns_401[liste-som-/api/rapports/liste-som]" time="0.111" /><testcase classname="backend.tests.test_pdf_reports" name="test_pdf_authenticated_returns_valid_pdf[registre97-/api/rapports/registre97?date_debut=2024-01-01&amp;date_fin=2026-12-31]" time="0.601" /><testcase classname="backend.tests.test_pdf_reports" name="test_pdf_authenticated_returns_valid_pdf[registre98-/api/rapports/registre98?date_debut=2024-01-01&amp;date_fin=2026-12-31]" time="0.052" /><testcase classname="backend.tests.test_pdf_reports" name="test_pdf_authenticated_returns_valid_pdf[liste-det-bar-/api/rapports/liste-det-bar]" time="0.058" /><testcase classname="backend.tests.test_pdf_reports" name="test_pdf_authenticated_returns_valid_pdf[liste-det-dist-/api/rapports/liste-det-dist]" time="0.053" /><testcase classname="backend.tests.test_pdf_reports" name="test_pdf_authenticated_returns_valid_pdf[liste-det-reg-/api/rapports/liste-det-reg]" time="0.055" /><testcase classname="backend.tests.test_pdf_reports" name="test_pdf_authenticated_returns_valid_pdf[liste-som-/api/rapports/liste-som]" time="0.049" /><testcase classname="backend.tests.test_pdf_reports" name="test_auth_me_works" time="0.046" /></testsuite></testsuites>