<?xml version="1.0" encoding="utf-8"?><testsuites name="pytest tests"><testsuite name="pytest" errors="0" failures="0" skipped="0" tests="10" time="3.898" timestamp="2026-05-07T16:02:19.682822+00:00" hostname="agent-env-59b661a7-ecdd-4bea-8bcb-89ae93d633c1"><testcase classname="backend.tests.test_gestioncardex.TestAuth" name="test_login_success" time="0.552" /><testcase classname="backend.tests.test_gestioncardex.TestAuth" name="test_login_invalid" time="0.382" /><testcase classname="backend.tests.test_gestioncardex.TestAuth" name="test_me_without_cookie" time="0.133" /><testcase classname="backend.tests.test_gestioncardex.TestAuth" name="test_logout_clears_cookies" time="0.615" /><testcase classname="backend.tests.test_gestioncardex.TestAvocatsAuthRequired" name="test_list_unauth" time="0.135" /><testcase classname="backend.tests.test_gestioncardex.TestAvocatsAuthRequired" name="test_stats_unauth" time="0.121" /><testcase classname="backend.tests.test_gestioncardex.TestAvocatsAuthRequired" name="test_create_unauth" time="0.128" /><testcase classname="backend.tests.test_gestioncardex.TestAvocatsCRUD" name="test_create_get_update_delete" time="0.568" /><testcase classname="backend.tests.test_gestioncardex.TestAvocatsCRUD" name="test_list_search_filter_pagination" time="0.397" /><testcase classname="backend.tests.test_gestioncardex.TestAvocatsCRUD" name="test_stats" time="0.745" /></testsuite></testsuites>