<?xml version="1.0" encoding="utf-8"?><testsuites name="pytest tests"><testsuite name="pytest" errors="0" failures="0" skipped="0" tests="17" time="4.018" timestamp="2026-05-08T11:11:15.119695+00:00" hostname="agent-env-59b661a7-ecdd-4bea-8bcb-89ae93d633c1"><testcase classname="backend.tests.test_features_v2" name="test_next_code" time="0.450" /><testcase classname="backend.tests.test_features_v2" name="test_nas_invalid_rejected" time="0.048" /><testcase classname="backend.tests.test_features_v2" name="test_duplicate_code" time="0.145" /><testcase classname="backend.tests.test_features_v2" name="test_adresses_courant_sync" time="0.195" /><testcase classname="backend.tests.test_features_v2" name="test_mega_upsert_sets_flag" time="0.141" /><testcase classname="backend.tests.test_features_v2" name="test_inhab_crud" time="0.140" /><testcase classname="backend.tests.test_features_v2" name="test_web_password_flow" time="0.361" /><testcase classname="backend.tests.test_features_v2" name="test_mandats_crud" time="0.144" /><testcase classname="backend.tests.test_features_v2" name="test_rapports_pdf[/api/rapports/registre97-params0]" time="0.109" /><testcase classname="backend.tests.test_features_v2" name="test_rapports_pdf[/api/rapports/registre98-params1]" time="0.048" /><testcase classname="backend.tests.test_features_v2" name="test_rapports_pdf[/api/rapports/liste-det-bar-params2]" time="0.047" /><testcase classname="backend.tests.test_features_v2" name="test_rapports_pdf[/api/rapports/liste-det-dist-params3]" time="0.049" /><testcase classname="backend.tests.test_features_v2" name="test_rapports_pdf[/api/rapports/liste-det-reg-params4]" time="0.049" /><testcase classname="backend.tests.test_features_v2" name="test_rapports_pdf[/api/rapports/liste-som-params5]" time="0.054" /><testcase classname="backend.tests.test_features_v2" name="test_users_admin_only" time="1.365" /><testcase classname="backend.tests.test_features_v2" name="test_lecteur_readonly" time="0.108" /><testcase classname="backend.tests.test_features_v2" name="test_editeur_can_crud_but_not_delete_avocat" time="0.332" /></testsuite></testsuites>